<?xml version="1.0" encoding="UTF-8"?>
<!-- Generated by org.testng.reporters.JUnitReportReporter -->
<testsuite skipped="0" hostname="TVMATP407267D" name="nz.co.westpac.test.RegressionTest" tests="1" failures="0" timestamp="30 Mar 2017 05:22:10 GMT" time="57.063" errors="0">
  <testcase name="t01_Verify_if_information_Icon_Works_Fine" time="57.063" classname="nz.co.westpac.test.RegressionTest"/>
</testsuite> <!-- nz.co.westpac.test.RegressionTest -->
